2014-03-13 19:10:21,008 [main] INFO  org.apache.coyote.http11.Http11Protocol- Initializing ProtocolHandler ["http-bio-8080"]
2014-03-13 19:10:21,018 [main] INFO  org.apache.coyote.http11.Http11Protocol- Initializing ProtocolHandler ["http-bio-8443"]
2014-03-13 19:10:21,319 [main] INFO  org.apache.catalina.startup.Catalina- Initialization processed in 922 ms
2014-03-13 19:10:21,331 [main] INFO  org.apache.catalina.core.StandardService- Starting service Catalina
2014-03-13 19:10:21,342 [main] INFO  org.apache.catalina.core.StandardEngine- Starting Servlet Engine: Apache Tomcat/7.0.21
2014-03-13 19:10:21,347 [main] INFO  org.apache.catalina.startup.HostConfig- Deploying web application archive cas.war
2014-03-13 19:10:22,306 [main] INFO  org.apache.catalina.realm.JAASRealm- Set JAAS app name Catalina
2014-03-13 19:10:25,558 [main] INFO  org.apache.catalina.startup.HostConfig- Deploying web application archive owf.war
2014-03-13 19:11:19,457 [main] INFO  org.apache.coyote.http11.Http11Protocol- Starting ProtocolHandler ["http-bio-8080"]
2014-03-13 19:11:19,466 [main] INFO  org.apache.coyote.http11.Http11Protocol- Starting ProtocolHandler ["http-bio-8443"]
2014-03-13 19:11:19,467 [main] INFO  org.apache.catalina.startup.Catalina- Server startup in 58150 ms
2014-03-19 11:07:33,501 [main] INFO  org.apache.coyote.http11.Http11Protocol- Initializing ProtocolHandler ["http-bio-8080"]
2014-03-19 11:07:33,514 [main] INFO  org.apache.coyote.http11.Http11Protocol- Initializing ProtocolHandler ["http-bio-8443"]
2014-03-19 11:07:33,806 [main] INFO  org.apache.catalina.startup.Catalina- Initialization processed in 1244 ms
2014-03-19 11:07:33,818 [main] INFO  org.apache.catalina.core.StandardService- Starting service Catalina
2014-03-19 11:07:33,819 [main] INFO  org.apache.catalina.core.StandardEngine- Starting Servlet Engine: Apache Tomcat/7.0.21
2014-03-19 11:07:33,824 [main] INFO  org.apache.catalina.startup.HostConfig- Deploying web application archive cas.war
2014-03-19 11:07:35,093 [main] INFO  org.apache.catalina.realm.JAASRealm- Set JAAS app name Catalina
2014-03-19 11:07:37,720 [main] INFO  org.apache.catalina.startup.HostConfig- Deploying web application archive owf.war
2014-03-19 11:08:07,160 [main] INFO  org.apache.coyote.http11.Http11Protocol- Starting ProtocolHandler ["http-bio-8080"]
2014-03-19 11:08:07,167 [main] INFO  org.apache.coyote.http11.Http11Protocol- Starting ProtocolHandler ["http-bio-8443"]
2014-03-19 11:08:07,169 [main] INFO  org.apache.catalina.startup.Catalina- Server startup in 33364 ms
2014-03-19 11:08:23,904 [http-bio-8443-exec-8] INFO  org.apache.jasper.compiler.TldLocationsCache- At least one JAR was scanned for TLDs yet contained no TLDs. Enable debug logging for this logger for a complete list of JARs that were scanned but no TLDs were found in them. Skipping unneeded JARs during scanning can improve startup time and JSP compilation time.
2014-03-19 14:31:19,911 [ContainerBackgroundProcessor[StandardEngine[Catalina]]] INFO  org.apache.catalina.startup.HostConfig- Undeploying context [/owf]
2014-03-19 14:31:20,528 [ContainerBackgroundProcessor[StandardEngine[Catalina]]] ERROR org.apache.catalina.loader.WebappClassLoader- The web application [/owf] registered the JDBC driver [org.hsqldb.jdbcDriver] but failed to unregister it when the web application was stopped. To prevent a memory leak, the JDBC Driver has been forcibly unregistered.
2014-03-19 14:31:20,556 [ContainerBackgroundProcessor[StandardEngine[Catalina]]] ERROR org.apache.catalina.loader.WebappClassLoader- The web application [/owf] appears to have started a thread named [FileWatchdog] but has failed to stop it. This is very likely to create a memory leak.
2014-03-19 14:31:20,557 [ContainerBackgroundProcessor[StandardEngine[Catalina]]] ERROR org.apache.catalina.loader.WebappClassLoader- The web application [/owf] appears to have started a thread named [Timer-1] but has failed to stop it. This is very likely to create a memory leak.
2014-03-19 14:31:20,557 [ContainerBackgroundProcessor[StandardEngine[Catalina]]] ERROR org.apache.catalina.loader.WebappClassLoader- The web application [/owf] created a ThreadLocal with key of type [org.codehaus.groovy.grails.orm.hibernate.support.HibernatePersistenceContextInterceptor$1] (value [org.codehaus.groovy.grails.orm.hibernate.support.HibernatePersistenceContextInterceptor$1@699f4ec7]) and a value of type [java.lang.Boolean] (value [false]) but failed to remove it when the web application was stopped. Threads are going to be renewed over time to try and avoid a probable memory leak. 
2014-03-19 14:31:20,558 [ContainerBackgroundProcessor[StandardEngine[Catalina]]] ERROR org.apache.catalina.loader.WebappClassLoader- The web application [/owf] created a ThreadLocal with key of type [org.codehaus.groovy.grails.orm.hibernate.validation.HibernateDomainClassValidator$1] (value [org.codehaus.groovy.grails.orm.hibernate.validation.HibernateDomainClassValidator$1@59ed20fd]) and a value of type [java.util.ArrayList] (value [[]]) but failed to remove it when the web application was stopped. Threads are going to be renewed over time to try and avoid a probable memory leak. 
2014-03-19 14:31:20,558 [ContainerBackgroundProcessor[StandardEngine[Catalina]]] ERROR org.apache.catalina.loader.WebappClassLoader- The web application [/owf] created a ThreadLocal with key of type [org.apache.commons.lang.builder.ToStringStyle$1] (value [org.apache.commons.lang.builder.ToStringStyle$1@5f10f02a]) and a value of type [java.util.HashSet] (value [[]]) but failed to remove it when the web application was stopped. Threads are going to be renewed over time to try and avoid a probable memory leak. 
2014-03-19 14:31:20,575 [ContainerBackgroundProcessor[StandardEngine[Catalina]]] ERROR org.apache.catalina.loader.WebappClassLoader- The web application [/owf] created a ThreadLocal with key of type [org.codehaus.groovy.grails.orm.hibernate.support.HibernatePersistenceContextInterceptor$2] (value [org.codehaus.groovy.grails.orm.hibernate.support.HibernatePersistenceContextInterceptor$2@1ffe4672]) and a value of type [java.lang.Integer] (value [0]) but failed to remove it when the web application was stopped. Threads are going to be renewed over time to try and avoid a probable memory leak. 
2014-03-19 14:31:20,576 [ContainerBackgroundProcessor[StandardEngine[Catalina]]] ERROR org.apache.catalina.loader.WebappClassLoader- The web application [/owf] created a ThreadLocal with key of type [org.codehaus.groovy.grails.commons.spring.ReloadAwareAutowireCapableBeanFactory$2] (value [org.codehaus.groovy.grails.commons.spring.ReloadAwareAutowireCapableBeanFactory$2@6ec2f6c6]) and a value of type [java.lang.Boolean] (value [false]) but failed to remove it when the web application was stopped. Threads are going to be renewed over time to try and avoid a probable memory leak. 
2014-03-19 14:31:20,576 [ContainerBackgroundProcessor[StandardEngine[Catalina]]] ERROR org.apache.catalina.loader.WebappClassLoader- The web application [/owf] created a ThreadLocal with key of type [org.codehaus.groovy.grails.orm.hibernate.support.HibernatePersistenceContextInterceptor$1] (value [org.codehaus.groovy.grails.orm.hibernate.support.HibernatePersistenceContextInterceptor$1@699f4ec7]) and a value of type [java.lang.Boolean] (value [false]) but failed to remove it when the web application was stopped. Threads are going to be renewed over time to try and avoid a probable memory leak. 
2014-03-19 14:31:20,577 [ContainerBackgroundProcessor[StandardEngine[Catalina]]] ERROR org.apache.catalina.loader.WebappClassLoader- The web application [/owf] created a ThreadLocal with key of type [org.codehaus.groovy.grails.orm.hibernate.validation.HibernateDomainClassValidator$1] (value [org.codehaus.groovy.grails.orm.hibernate.validation.HibernateDomainClassValidator$1@59ed20fd]) and a value of type [java.util.ArrayList] (value [[]]) but failed to remove it when the web application was stopped. Threads are going to be renewed over time to try and avoid a probable memory leak. 
2014-03-19 14:31:20,578 [ContainerBackgroundProcessor[StandardEngine[Catalina]]] ERROR org.apache.catalina.loader.WebappClassLoader- The web application [/owf] created a ThreadLocal with key of type [org.codehaus.groovy.grails.orm.hibernate.support.HibernatePersistenceContextInterceptor$2] (value [org.codehaus.groovy.grails.orm.hibernate.support.HibernatePersistenceContextInterceptor$2@1ffe4672]) and a value of type [java.lang.Integer] (value [0]) but failed to remove it when the web application was stopped. Threads are going to be renewed over time to try and avoid a probable memory leak. 
2014-03-19 14:31:20,578 [ContainerBackgroundProcessor[StandardEngine[Catalina]]] ERROR org.apache.catalina.loader.WebappClassLoader- The web application [/owf] created a ThreadLocal with key of type [org.codehaus.groovy.grails.orm.hibernate.support.HibernatePersistenceContextInterceptor$1] (value [org.codehaus.groovy.grails.orm.hibernate.support.HibernatePersistenceContextInterceptor$1@699f4ec7]) and a value of type [java.lang.Boolean] (value [false]) but failed to remove it when the web application was stopped. Threads are going to be renewed over time to try and avoid a probable memory leak. 
2014-03-19 14:31:20,579 [ContainerBackgroundProcessor[StandardEngine[Catalina]]] ERROR org.apache.catalina.loader.WebappClassLoader- The web application [/owf] created a ThreadLocal with key of type [org.codehaus.groovy.grails.orm.hibernate.validation.HibernateDomainClassValidator$1] (value [org.codehaus.groovy.grails.orm.hibernate.validation.HibernateDomainClassValidator$1@59ed20fd]) and a value of type [java.util.ArrayList] (value [[]]) but failed to remove it when the web application was stopped. Threads are going to be renewed over time to try and avoid a probable memory leak. 
2014-03-19 14:31:20,579 [ContainerBackgroundProcessor[StandardEngine[Catalina]]] ERROR org.apache.catalina.loader.WebappClassLoader- The web application [/owf] created a ThreadLocal with key of type [org.codehaus.groovy.grails.orm.hibernate.support.HibernatePersistenceContextInterceptor$2] (value [org.codehaus.groovy.grails.orm.hibernate.support.HibernatePersistenceContextInterceptor$2@1ffe4672]) and a value of type [java.lang.Integer] (value [0]) but failed to remove it when the web application was stopped. Threads are going to be renewed over time to try and avoid a probable memory leak. 
2014-03-19 14:31:20,580 [ContainerBackgroundProcessor[StandardEngine[Catalina]]] ERROR org.apache.catalina.loader.WebappClassLoader- The web application [/owf] created a ThreadLocal with key of type [org.codehaus.groovy.grails.orm.hibernate.support.HibernatePersistenceContextInterceptor$1] (value [org.codehaus.groovy.grails.orm.hibernate.support.HibernatePersistenceContextInterceptor$1@699f4ec7]) and a value of type [java.lang.Boolean] (value [false]) but failed to remove it when the web application was stopped. Threads are going to be renewed over time to try and avoid a probable memory leak. 
2014-03-19 14:31:20,580 [ContainerBackgroundProcessor[StandardEngine[Catalina]]] ERROR org.apache.catalina.loader.WebappClassLoader- The web application [/owf] created a ThreadLocal with key of type [org.codehaus.groovy.grails.orm.hibernate.validation.HibernateDomainClassValidator$1] (value [org.codehaus.groovy.grails.orm.hibernate.validation.HibernateDomainClassValidator$1@59ed20fd]) and a value of type [java.util.ArrayList] (value [[]]) but failed to remove it when the web application was stopped. Threads are going to be renewed over time to try and avoid a probable memory leak. 
2014-03-19 14:31:20,581 [ContainerBackgroundProcessor[StandardEngine[Catalina]]] ERROR org.apache.catalina.loader.WebappClassLoader- The web application [/owf] created a ThreadLocal with key of type [org.codehaus.groovy.grails.orm.hibernate.support.HibernatePersistenceContextInterceptor$2] (value [org.codehaus.groovy.grails.orm.hibernate.support.HibernatePersistenceContextInterceptor$2@1ffe4672]) and a value of type [java.lang.Integer] (value [0]) but failed to remove it when the web application was stopped. Threads are going to be renewed over time to try and avoid a probable memory leak. 
2014-03-19 14:31:20,581 [ContainerBackgroundProcessor[StandardEngine[Catalina]]] ERROR org.apache.catalina.loader.WebappClassLoader- The web application [/owf] created a ThreadLocal with key of type [org.codehaus.groovy.grails.commons.spring.ReloadAwareAutowireCapableBeanFactory$2] (value [org.codehaus.groovy.grails.commons.spring.ReloadAwareAutowireCapableBeanFactory$2@6ec2f6c6]) and a value of type [java.lang.Boolean] (value [false]) but failed to remove it when the web application was stopped. Threads are going to be renewed over time to try and avoid a probable memory leak. 
2014-03-19 14:31:20,582 [ContainerBackgroundProcessor[StandardEngine[Catalina]]] ERROR org.apache.catalina.loader.WebappClassLoader- The web application [/owf] created a ThreadLocal with key of type [org.codehaus.groovy.grails.orm.hibernate.support.HibernatePersistenceContextInterceptor$1] (value [org.codehaus.groovy.grails.orm.hibernate.support.HibernatePersistenceContextInterceptor$1@699f4ec7]) and a value of type [java.lang.Boolean] (value [false]) but failed to remove it when the web application was stopped. Threads are going to be renewed over time to try and avoid a probable memory leak. 
2014-03-19 14:31:20,583 [ContainerBackgroundProcessor[StandardEngine[Catalina]]] ERROR org.apache.catalina.loader.WebappClassLoader- The web application [/owf] created a ThreadLocal with key of type [org.codehaus.groovy.grails.orm.hibernate.validation.HibernateDomainClassValidator$1] (value [org.codehaus.groovy.grails.orm.hibernate.validation.HibernateDomainClassValidator$1@59ed20fd]) and a value of type [java.util.ArrayList] (value [[]]) but failed to remove it when the web application was stopped. Threads are going to be renewed over time to try and avoid a probable memory leak. 
2014-03-19 14:31:20,583 [ContainerBackgroundProcessor[StandardEngine[Catalina]]] ERROR org.apache.catalina.loader.WebappClassLoader- The web application [/owf] created a ThreadLocal with key of type [org.codehaus.groovy.grails.orm.hibernate.support.HibernatePersistenceContextInterceptor$2] (value [org.codehaus.groovy.grails.orm.hibernate.support.HibernatePersistenceContextInterceptor$2@1ffe4672]) and a value of type [java.lang.Integer] (value [0]) but failed to remove it when the web application was stopped. Threads are going to be renewed over time to try and avoid a probable memory leak. 
2014-03-19 14:31:20,584 [ContainerBackgroundProcessor[StandardEngine[Catalina]]] ERROR org.apache.catalina.loader.WebappClassLoader- The web application [/owf] created a ThreadLocal with key of type [org.codehaus.groovy.grails.orm.hibernate.support.HibernatePersistenceContextInterceptor$1] (value [org.codehaus.groovy.grails.orm.hibernate.support.HibernatePersistenceContextInterceptor$1@699f4ec7]) and a value of type [java.lang.Boolean] (value [false]) but failed to remove it when the web application was stopped. Threads are going to be renewed over time to try and avoid a probable memory leak. 
2014-03-19 14:31:20,584 [ContainerBackgroundProcessor[StandardEngine[Catalina]]] ERROR org.apache.catalina.loader.WebappClassLoader- The web application [/owf] created a ThreadLocal with key of type [org.codehaus.groovy.grails.orm.hibernate.validation.HibernateDomainClassValidator$1] (value [org.codehaus.groovy.grails.orm.hibernate.validation.HibernateDomainClassValidator$1@59ed20fd]) and a value of type [java.util.ArrayList] (value [[]]) but failed to remove it when the web application was stopped. Threads are going to be renewed over time to try and avoid a probable memory leak. 
2014-03-19 14:31:20,585 [ContainerBackgroundProcessor[StandardEngine[Catalina]]] ERROR org.apache.catalina.loader.WebappClassLoader- The web application [/owf] created a ThreadLocal with key of type [org.codehaus.groovy.grails.orm.hibernate.support.HibernatePersistenceContextInterceptor$2] (value [org.codehaus.groovy.grails.orm.hibernate.support.HibernatePersistenceContextInterceptor$2@1ffe4672]) and a value of type [java.lang.Integer] (value [0]) but failed to remove it when the web application was stopped. Threads are going to be renewed over time to try and avoid a probable memory leak. 
2014-03-19 14:31:20,585 [ContainerBackgroundProcessor[StandardEngine[Catalina]]] ERROR org.apache.catalina.loader.WebappClassLoader- The web application [/owf] created a ThreadLocal with key of type [org.codehaus.groovy.grails.commons.spring.ReloadAwareAutowireCapableBeanFactory$2] (value [org.codehaus.groovy.grails.commons.spring.ReloadAwareAutowireCapableBeanFactory$2@6ec2f6c6]) and a value of type [java.lang.Boolean] (value [false]) but failed to remove it when the web application was stopped. Threads are going to be renewed over time to try and avoid a probable memory leak. 
2014-03-19 14:31:20,586 [ContainerBackgroundProcessor[StandardEngine[Catalina]]] ERROR org.apache.catalina.loader.WebappClassLoader- The web application [/owf] created a ThreadLocal with key of type [org.codehaus.groovy.grails.orm.hibernate.support.HibernatePersistenceContextInterceptor$1] (value [org.codehaus.groovy.grails.orm.hibernate.support.HibernatePersistenceContextInterceptor$1@699f4ec7]) and a value of type [java.lang.Boolean] (value [false]) but failed to remove it when the web application was stopped. Threads are going to be renewed over time to try and avoid a probable memory leak. 
2014-03-19 14:31:20,586 [ContainerBackgroundProcessor[StandardEngine[Catalina]]] ERROR org.apache.catalina.loader.WebappClassLoader- The web application [/owf] created a ThreadLocal with key of type [org.codehaus.groovy.grails.orm.hibernate.validation.HibernateDomainClassValidator$1] (value [org.codehaus.groovy.grails.orm.hibernate.validation.HibernateDomainClassValidator$1@59ed20fd]) and a value of type [java.util.ArrayList] (value [[]]) but failed to remove it when the web application was stopped. Threads are going to be renewed over time to try and avoid a probable memory leak. 
2014-03-19 14:31:20,587 [ContainerBackgroundProcessor[StandardEngine[Catalina]]] ERROR org.apache.catalina.loader.WebappClassLoader- The web application [/owf] created a ThreadLocal with key of type [org.codehaus.groovy.grails.orm.hibernate.support.HibernatePersistenceContextInterceptor$2] (value [org.codehaus.groovy.grails.orm.hibernate.support.HibernatePersistenceContextInterceptor$2@1ffe4672]) and a value of type [java.lang.Integer] (value [0]) but failed to remove it when the web application was stopped. Threads are going to be renewed over time to try and avoid a probable memory leak. 
2014-03-19 14:31:20,588 [ContainerBackgroundProcessor[StandardEngine[Catalina]]] ERROR org.apache.catalina.loader.WebappClassLoader- The web application [/owf] created a ThreadLocal with key of type [org.codehaus.groovy.grails.orm.hibernate.support.HibernatePersistenceContextInterceptor$1] (value [org.codehaus.groovy.grails.orm.hibernate.support.HibernatePersistenceContextInterceptor$1@699f4ec7]) and a value of type [java.lang.Boolean] (value [false]) but failed to remove it when the web application was stopped. Threads are going to be renewed over time to try and avoid a probable memory leak. 
2014-03-19 14:31:20,588 [ContainerBackgroundProcessor[StandardEngine[Catalina]]] ERROR org.apache.catalina.loader.WebappClassLoader- The web application [/owf] created a ThreadLocal with key of type [org.codehaus.groovy.grails.orm.hibernate.validation.HibernateDomainClassValidator$1] (value [org.codehaus.groovy.grails.orm.hibernate.validation.HibernateDomainClassValidator$1@59ed20fd]) and a value of type [java.util.ArrayList] (value [[]]) but failed to remove it when the web application was stopped. Threads are going to be renewed over time to try and avoid a probable memory leak. 
2014-03-19 14:31:20,589 [ContainerBackgroundProcessor[StandardEngine[Catalina]]] ERROR org.apache.catalina.loader.WebappClassLoader- The web application [/owf] created a ThreadLocal with key of type [org.codehaus.groovy.grails.orm.hibernate.support.HibernatePersistenceContextInterceptor$2] (value [org.codehaus.groovy.grails.orm.hibernate.support.HibernatePersistenceContextInterceptor$2@1ffe4672]) and a value of type [java.lang.Integer] (value [0]) but failed to remove it when the web application was stopped. Threads are going to be renewed over time to try and avoid a probable memory leak. 
2014-03-19 14:31:20,589 [ContainerBackgroundProcessor[StandardEngine[Catalina]]] ERROR org.apache.catalina.loader.WebappClassLoader- The web application [/owf] created a ThreadLocal with key of type [org.codehaus.groovy.grails.orm.hibernate.support.HibernatePersistenceContextInterceptor$1] (value [org.codehaus.groovy.grails.orm.hibernate.support.HibernatePersistenceContextInterceptor$1@699f4ec7]) and a value of type [java.lang.Boolean] (value [false]) but failed to remove it when the web application was stopped. Threads are going to be renewed over time to try and avoid a probable memory leak. 
2014-03-19 14:31:20,590 [ContainerBackgroundProcessor[StandardEngine[Catalina]]] ERROR org.apache.catalina.loader.WebappClassLoader- The web application [/owf] created a ThreadLocal with key of type [org.codehaus.groovy.grails.orm.hibernate.validation.HibernateDomainClassValidator$1] (value [org.codehaus.groovy.grails.orm.hibernate.validation.HibernateDomainClassValidator$1@59ed20fd]) and a value of type [java.util.ArrayList] (value [[]]) but failed to remove it when the web application was stopped. Threads are going to be renewed over time to try and avoid a probable memory leak. 
2014-03-19 14:31:20,590 [ContainerBackgroundProcessor[StandardEngine[Catalina]]] ERROR org.apache.catalina.loader.WebappClassLoader- The web application [/owf] created a ThreadLocal with key of type [org.codehaus.groovy.grails.orm.hibernate.support.HibernatePersistenceContextInterceptor$2] (value [org.codehaus.groovy.grails.orm.hibernate.support.HibernatePersistenceContextInterceptor$2@1ffe4672]) and a value of type [java.lang.Integer] (value [0]) but failed to remove it when the web application was stopped. Threads are going to be renewed over time to try and avoid a probable memory leak. 
2014-03-19 14:31:21,181 [ContainerBackgroundProcessor[StandardEngine[Catalina]]] ERROR org.apache.catalina.startup.ExpandWar- [C:\projects\owf\OWF-bundle-7.0.1-GA\apache-tomcat-7.0.21\webapps\owf\examples\walkthrough\widgets\directions\js\vendor] could not be completely deleted. The presence of the remaining files may cause problems
2014-03-19 14:31:21,183 [ContainerBackgroundProcessor[StandardEngine[Catalina]]] ERROR org.apache.catalina.startup.ExpandWar- [C:\projects\owf\OWF-bundle-7.0.1-GA\apache-tomcat-7.0.21\webapps\owf\examples\walkthrough\widgets\directions\js] could not be completely deleted. The presence of the remaining files may cause problems
2014-03-19 14:31:21,183 [ContainerBackgroundProcessor[StandardEngine[Catalina]]] ERROR org.apache.catalina.startup.ExpandWar- [C:\projects\owf\OWF-bundle-7.0.1-GA\apache-tomcat-7.0.21\webapps\owf\examples\walkthrough\widgets\directions] could not be completely deleted. The presence of the remaining files may cause problems
2014-03-19 14:31:21,228 [ContainerBackgroundProcessor[StandardEngine[Catalina]]] ERROR org.apache.catalina.startup.ExpandWar- [C:\projects\owf\OWF-bundle-7.0.1-GA\apache-tomcat-7.0.21\webapps\owf\examples\walkthrough\widgets] could not be completely deleted. The presence of the remaining files may cause problems
2014-03-19 14:31:21,229 [ContainerBackgroundProcessor[StandardEngine[Catalina]]] ERROR org.apache.catalina.startup.ExpandWar- [C:\projects\owf\OWF-bundle-7.0.1-GA\apache-tomcat-7.0.21\webapps\owf\examples\walkthrough] could not be completely deleted. The presence of the remaining files may cause problems
2014-03-19 14:31:21,229 [ContainerBackgroundProcessor[StandardEngine[Catalina]]] ERROR org.apache.catalina.startup.ExpandWar- [C:\projects\owf\OWF-bundle-7.0.1-GA\apache-tomcat-7.0.21\webapps\owf\examples] could not be completely deleted. The presence of the remaining files may cause problems
2014-03-19 14:31:25,110 [ContainerBackgroundProcessor[StandardEngine[Catalina]]] ERROR org.apache.catalina.startup.ExpandWar- [C:\projects\owf\OWF-bundle-7.0.1-GA\apache-tomcat-7.0.21\webapps\owf] could not be completely deleted. The presence of the remaining files may cause problems
2014-03-19 14:31:25,111 [ContainerBackgroundProcessor[StandardEngine[Catalina]]] ERROR org.apache.catalina.startup.ExpandWar- [C:\projects\owf\OWF-bundle-7.0.1-GA\apache-tomcat-7.0.21\webapps\owf] could not be completely deleted. The presence of the remaining files may cause problems
2014-03-19 14:31:25,113 [ContainerBackgroundProcessor[StandardEngine[Catalina]]] INFO  org.apache.catalina.startup.HostConfig- Deploying web application directory owf
2014-03-19 14:33:11,494 [main] ERROR org.apache.catalina.startup.Catalina- Catalina.stop: 
java.net.ConnectException: Connection refused: connect
	at java.net.DualStackPlainSocketImpl.connect0(Native Method)
	at java.net.DualStackPlainSocketImpl.socketConnect(Unknown Source)
	at java.net.AbstractPlainSocketImpl.doConnect(Unknown Source)
	at java.net.AbstractPlainSocketImpl.connectToAddress(Unknown Source)
	at java.net.AbstractPlainSocketImpl.connect(Unknown Source)
	at java.net.PlainSocketImpl.connect(Unknown Source)
	at java.net.SocksSocketImpl.connect(Unknown Source)
	at java.net.Socket.connect(Unknown Source)
	at java.net.Socket.connect(Unknown Source)
	at java.net.Socket.<init>(Unknown Source)
	at java.net.Socket.<init>(Unknown Source)
	at org.apache.catalina.startup.Catalina.stopServer(Catalina.java:457)
	at sun.reflect.NativeMethodAccessorImpl.invoke0(Native Method)
	at sun.reflect.NativeMethodAccessorImpl.invoke(Unknown Source)
	at sun.reflect.DelegatingMethodAccessorImpl.invoke(Unknown Source)
	at java.lang.reflect.Method.invoke(Unknown Source)
	at org.apache.catalina.startup.Bootstrap.stopServer(Bootstrap.java:371)
	at org.apache.catalina.startup.Bootstrap.main(Bootstrap.java:452)
2014-03-19 14:33:38,431 [main] ERROR org.apache.catalina.startup.Catalina- Catalina.stop: 
java.net.ConnectException: Connection refused: connect
	at java.net.DualStackPlainSocketImpl.connect0(Native Method)
	at java.net.DualStackPlainSocketImpl.socketConnect(Unknown Source)
	at java.net.AbstractPlainSocketImpl.doConnect(Unknown Source)
	at java.net.AbstractPlainSocketImpl.connectToAddress(Unknown Source)
	at java.net.AbstractPlainSocketImpl.connect(Unknown Source)
	at java.net.PlainSocketImpl.connect(Unknown Source)
	at java.net.SocksSocketImpl.connect(Unknown Source)
	at java.net.Socket.connect(Unknown Source)
	at java.net.Socket.connect(Unknown Source)
	at java.net.Socket.<init>(Unknown Source)
	at java.net.Socket.<init>(Unknown Source)
	at org.apache.catalina.startup.Catalina.stopServer(Catalina.java:457)
	at sun.reflect.NativeMethodAccessorImpl.invoke0(Native Method)
	at sun.reflect.NativeMethodAccessorImpl.invoke(Unknown Source)
	at sun.reflect.DelegatingMethodAccessorImpl.invoke(Unknown Source)
	at java.lang.reflect.Method.invoke(Unknown Source)
	at org.apache.catalina.startup.Bootstrap.stopServer(Bootstrap.java:371)
	at org.apache.catalina.startup.Bootstrap.main(Bootstrap.java:452)
2014-03-19 14:33:59,671 [main] INFO  org.apache.coyote.http11.Http11Protocol- Initializing ProtocolHandler ["http-bio-8080"]
2014-03-19 14:33:59,681 [main] INFO  org.apache.coyote.http11.Http11Protocol- Initializing ProtocolHandler ["http-bio-8443"]
2014-03-19 14:33:59,948 [main] INFO  org.apache.catalina.startup.Catalina- Initialization processed in 930 ms
2014-03-19 14:33:59,959 [main] INFO  org.apache.catalina.core.StandardService- Starting service Catalina
2014-03-19 14:33:59,959 [main] INFO  org.apache.catalina.core.StandardEngine- Starting Servlet Engine: Apache Tomcat/7.0.21
2014-03-19 14:33:59,963 [main] INFO  org.apache.catalina.startup.HostConfig- Deploying web application archive cas.war
2014-03-19 14:34:01,252 [main] INFO  org.apache.catalina.realm.JAASRealm- Set JAAS app name Catalina
2014-03-19 14:34:03,637 [main] INFO  org.apache.catalina.startup.HostConfig- Deploying web application archive owf.war
2014-03-19 14:34:04,094 [main] INFO  org.apache.coyote.http11.Http11Protocol- Starting ProtocolHandler ["http-bio-8080"]
2014-03-19 14:34:04,108 [main] INFO  org.apache.coyote.http11.Http11Protocol- Starting ProtocolHandler ["http-bio-8443"]
2014-03-19 14:34:04,109 [main] INFO  org.apache.catalina.startup.Catalina- Server startup in 4159 ms
2014-03-19 14:35:54,618 [ContainerBackgroundProcessor[StandardEngine[Catalina]]] INFO  org.apache.catalina.startup.HostConfig- Undeploying context [/owf]
2014-03-19 14:35:55,031 [ContainerBackgroundProcessor[StandardEngine[Catalina]]] INFO  org.apache.catalina.startup.HostConfig- Deploying web application archive owf.war
2014-03-19 14:40:57,967 [main] ERROR org.apache.catalina.startup.Catalina- Catalina.stop: 
java.net.ConnectException: Connection refused: connect
	at java.net.DualStackPlainSocketImpl.connect0(Native Method)
	at java.net.DualStackPlainSocketImpl.socketConnect(Unknown Source)
	at java.net.AbstractPlainSocketImpl.doConnect(Unknown Source)
	at java.net.AbstractPlainSocketImpl.connectToAddress(Unknown Source)
	at java.net.AbstractPlainSocketImpl.connect(Unknown Source)
	at java.net.PlainSocketImpl.connect(Unknown Source)
	at java.net.SocksSocketImpl.connect(Unknown Source)
	at java.net.Socket.connect(Unknown Source)
	at java.net.Socket.connect(Unknown Source)
	at java.net.Socket.<init>(Unknown Source)
	at java.net.Socket.<init>(Unknown Source)
	at org.apache.catalina.startup.Catalina.stopServer(Catalina.java:457)
	at sun.reflect.NativeMethodAccessorImpl.invoke0(Native Method)
	at sun.reflect.NativeMethodAccessorImpl.invoke(Unknown Source)
	at sun.reflect.DelegatingMethodAccessorImpl.invoke(Unknown Source)
	at java.lang.reflect.Method.invoke(Unknown Source)
	at org.apache.catalina.startup.Bootstrap.stopServer(Bootstrap.java:371)
	at org.apache.catalina.startup.Bootstrap.main(Bootstrap.java:452)
2014-03-19 14:41:02,507 [main] INFO  org.apache.coyote.http11.Http11Protocol- Initializing ProtocolHandler ["http-bio-8080"]
2014-03-19 14:41:02,546 [main] INFO  org.apache.coyote.http11.Http11Protocol- Initializing ProtocolHandler ["http-bio-8443"]
2014-03-19 14:41:02,815 [main] INFO  org.apache.catalina.startup.Catalina- Initialization processed in 824 ms
2014-03-19 14:41:02,826 [main] INFO  org.apache.catalina.core.StandardService- Starting service Catalina
2014-03-19 14:41:02,827 [main] INFO  org.apache.catalina.core.StandardEngine- Starting Servlet Engine: Apache Tomcat/7.0.21
2014-03-19 14:41:02,831 [main] INFO  org.apache.catalina.startup.HostConfig- Deploying web application archive cas.war
2014-03-19 14:41:03,141 [main] INFO  org.apache.catalina.realm.JAASRealm- Set JAAS app name Catalina
2014-03-19 14:41:05,565 [main] INFO  org.apache.catalina.startup.HostConfig- Deploying web application archive owf.war
2014-03-19 14:41:26,302 [main] INFO  org.apache.coyote.http11.Http11Protocol- Starting ProtocolHandler ["http-bio-8080"]
2014-03-19 14:41:26,309 [main] INFO  org.apache.coyote.http11.Http11Protocol- Starting ProtocolHandler ["http-bio-8443"]
2014-03-19 14:41:26,311 [main] INFO  org.apache.catalina.startup.Catalina- Server startup in 23494 ms
