2014-03-24 11:17:14,093 [http-bio-8443-exec-11] ERROR StackTrace  - Sanitizing stacktrace:
ClientAbortException:  java.net.SocketException: Software caused connection abort: socket write error
	at org.apache.catalina.connector.OutputBuffer.realWriteBytes(OutputBuffer.java:373)
	at org.apache.tomcat.util.buf.ByteChunk.append(ByteChunk.java:356)
	at org.apache.catalina.connector.OutputBuffer.writeBytes(OutputBuffer.java:396)
	at org.apache.catalina.connector.OutputBuffer.write(OutputBuffer.java:385)
	at org.apache.catalina.connector.CoyoteOutputStream.write(CoyoteOutputStream.java:93)
	at org.apache.catalina.connector.CoyoteOutputStream.write(CoyoteOutputStream.java:86)
	at com.opensymphony.module.sitemesh.filter.RoutableServletOutputStream.write(RoutableServletOutputStream.java:114)
	at org.codehaus.groovy.runtime.DefaultGroovyMethods.leftShift(DefaultGroovyMethods.java:7213)
	at org.codehaus.groovy.runtime.dgm$364.invoke(Unknown Source)
	at org.codehaus.groovy.runtime.callsite.PojoMetaMethodSite$PojoMetaMethodSiteNoUnwrapNoCoerce.invoke(PojoMetaMethodSite.java:270)
	at org.codehaus.groovy.runtime.callsite.PojoMetaMethodSite.call(PojoMetaMethodSite.java:52)
	at org.codehaus.groovy.runtime.callsite.AbstractCallSite.call(AbstractCallSite.java:124)
	at ozone.owf.grails.controllers.MergedDirectoryResourceController$_closure1.doCall(MergedDirectoryResourceController.groovy:35)
	at sun.reflect.GeneratedMethodAccessor550.invoke(Unknown Source)
	at sun.reflect.DelegatingMethodAccessorImpl.invoke(Unknown Source)
	at java.lang.reflect.Method.invoke(Unknown Source)
	at org.codehaus.groovy.runtime.callsite.PogoMetaMethodSite$PogoCachedMethodSite.invoke(PogoMetaMethodSite.java:225)
	at org.codehaus.groovy.runtime.callsite.PogoMetaMethodSite.callCurrent(PogoMetaMethodSite.java:51)
	at org.codehaus.groovy.runtime.callsite.AbstractCallSite.callCurrent(AbstractCallSite.java:149)
	at ozone.owf.grails.controllers.MergedDirectoryResourceController$_closure1.doCall(MergedDirectoryResourceController.groovy)
	at sun.reflect.GeneratedMethodAccessor549.invoke(Unknown Source)
	at sun.reflect.DelegatingMethodAccessorImpl.invoke(Unknown Source)
	at java.lang.reflect.Method.invoke(Unknown Source)
	at org.codehaus.groovy.reflection.CachedMethod.invoke(CachedMethod.java:90)
	at groovy.lang.MetaMethod.doMethodInvoke(MetaMethod.java:233)
	at groovy.lang.MetaClassImpl.invokeMethod(MetaClassImpl.java:1058)
	at groovy.lang.ExpandoMetaClass.invokeMethod(ExpandoMetaClass.java:1070)
	at groovy.lang.MetaClassImpl.invokeMethod(MetaClassImpl.java:886)
	at groovy.lang.Closure.call(Closure.java:282)
	at groovy.lang.Closure.call(Closure.java:277)
	at org.codehaus.groovy.grails.web.servlet.mvc.SimpleGrailsControllerHelper.handleAction(SimpleGrailsControllerHelper.java:368)
	at org.codehaus.groovy.grails.web.servlet.mvc.SimpleGrailsControllerHelper.executeAction(SimpleGrailsControllerHelper.java:232)
	at org.codehaus.groovy.grails.web.servlet.mvc.SimpleGrailsControllerHelper.handleURI(SimpleGrailsControllerHelper.java:190)
	at org.codehaus.groovy.grails.web.servlet.mvc.SimpleGrailsControllerHelper.handleURI(SimpleGrailsControllerHelper.java:129)
	at org.codehaus.groovy.grails.web.servlet.mvc.SimpleGrailsController.handleRequest(SimpleGrailsController.java:73)
	at org.springframework.web.servlet.mvc.SimpleControllerHandlerAdapter.handle(SimpleControllerHandlerAdapter.java:48)
	at org.codehaus.groovy.grails.web.servlet.GrailsDispatcherServlet.doDispatch(GrailsDispatcherServlet.java:292)
	at org.springframework.web.servlet.DispatcherServlet.doService(DispatcherServlet.java:719)
	at org.springframework.web.servlet.FrameworkServlet.processRequest(FrameworkServlet.java:644)
	at org.springframework.web.servlet.FrameworkServlet.doGet(FrameworkServlet.java:549)
	at javax.servlet.http.HttpServlet.service(HttpServlet.java:621)
	at javax.servlet.http.HttpServlet.service(HttpServlet.java:722)
	at org.apache.catalina.core.ApplicationFilterChain.internalDoFilter(ApplicationFilterChain.java:304)
	at org.apache.catalina.core.ApplicationFilterChain.doFilter(ApplicationFilterChain.java:210)
	at org.springframework.web.filter.OncePerRequestFilter.doFilter(OncePerRequestFilter.java:70)
	at org.apache.catalina.core.ApplicationFilterChain.internalDoFilter(ApplicationFilterChain.java:243)
	at org.apache.catalina.core.ApplicationFilterChain.doFilter(ApplicationFilterChain.java:210)
	at org.springframework.web.filter.OncePerRequestFilter.doFilter(OncePerRequestFilter.java:70)
	at org.apache.catalina.core.ApplicationFilterChain.internalDoFilter(ApplicationFilterChain.java:243)
	at org.apache.catalina.core.ApplicationFilterChain.doFilter(ApplicationFilterChain.java:210)
	at org.springframework.web.filter.OncePerRequestFilter.doFilter(OncePerRequestFilter.java:70)
	at org.apache.catalina.core.ApplicationFilterChain.internalDoFilter(ApplicationFilterChain.java:243)
	at org.apache.catalina.core.ApplicationFilterChain.doFilter(ApplicationFilterChain.java:210)
	at org.apache.catalina.core.ApplicationDispatcher.invoke(ApplicationDispatcher.java:684)
	at org.apache.catalina.core.ApplicationDispatcher.processRequest(ApplicationDispatcher.java:471)
	at org.apache.catalina.core.ApplicationDispatcher.doForward(ApplicationDispatcher.java:402)
	at org.apache.catalina.core.ApplicationDispatcher.forward(ApplicationDispatcher.java:329)
	at org.codehaus.groovy.grails.web.util.WebUtils.forwardRequestForUrlMappingInfo(WebUtils.java:298)
	at org.codehaus.groovy.grails.web.util.WebUtils.forwardRequestForUrlMappingInfo(WebUtils.java:264)
	at org.codehaus.groovy.grails.web.util.WebUtils.forwardRequestForUrlMappingInfo(WebUtils.java:255)
	at org.codehaus.groovy.grails.web.mapping.filter.UrlMappingsFilter.doFilterInternal(UrlMappingsFilter.java:183)
	at org.springframework.web.filter.OncePerRequestFilter.doFilter(OncePerRequestFilter.java:76)
	at org.apache.catalina.core.ApplicationFilterChain.internalDoFilter(ApplicationFilterChain.java:243)
	at org.apache.catalina.core.ApplicationFilterChain.doFilter(ApplicationFilterChain.java:210)
	at org.codehaus.groovy.grails.web.sitemesh.GrailsPageFilter.obtainContent(GrailsPageFilter.java:245)
	at org.codehaus.groovy.grails.web.sitemesh.GrailsPageFilter.doFilter(GrailsPageFilter.java:134)
	at org.apache.catalina.core.ApplicationFilterChain.internalDoFilter(ApplicationFilterChain.java:243)
	at org.apache.catalina.core.ApplicationFilterChain.doFilter(ApplicationFilterChain.java:210)
	at org.codehaus.groovy.grails.web.servlet.mvc.GrailsWebRequestFilter.doFilterInternal(GrailsWebRequestFilter.java:69)
	at org.springframework.web.filter.OncePerRequestFilter.doFilter(OncePerRequestFilter.java:76)
	at org.apache.catalina.core.ApplicationFilterChain.internalDoFilter(ApplicationFilterChain.java:243)
	at org.apache.catalina.core.ApplicationFilterChain.doFilter(ApplicationFilterChain.java:210)
	at org.codehaus.groovy.grails.web.filters.HiddenHttpMethodFilter.doFilterInternal(HiddenHttpMethodFilter.java:69)
	at org.springframework.web.filter.OncePerRequestFilter.doFilter(OncePerRequestFilter.java:76)
	at org.apache.catalina.core.ApplicationFilterChain.internalDoFilter(ApplicationFilterChain.java:243)
	at org.apache.catalina.core.ApplicationFilterChain.doFilter(ApplicationFilterChain.java:210)
	at org.springframework.web.filter.CharacterEncodingFilter.doFilterInternal(CharacterEncodingFilter.java:88)
	at org.springframework.web.filter.OncePerRequestFilter.doFilter(OncePerRequestFilter.java:76)
	at org.springframework.web.filter.DelegatingFilterProxy.invokeDelegate(DelegatingFilterProxy.java:237)
	at org.springframework.web.filter.DelegatingFilterProxy.doFilter(DelegatingFilterProxy.java:167)
	at org.apache.catalina.core.ApplicationFilterChain.internalDoFilter(ApplicationFilterChain.java:243)
	at org.apache.catalina.core.ApplicationFilterChain.doFilter(ApplicationFilterChain.java:210)
	at javax.servlet.FilterChain$doFilter.call(Unknown Source)
	at ozone.owf.filter.HttpRequestLoggingFilter.doFilter(HttpRequestLoggingFilter.groovy:31)
	at org.apache.catalina.core.ApplicationFilterChain.internalDoFilter(ApplicationFilterChain.java:243)
	at org.apache.catalina.core.ApplicationFilterChain.doFilter(ApplicationFilterChain.java:210)
	at org.springframework.security.web.FilterChainProxy$VirtualFilterChain.doFilter(FilterChainProxy.java:343)
	at org.springframework.security.web.access.intercept.FilterSecurityInterceptor.invoke(FilterSecurityInterceptor.java:109)
	at org.springframework.security.web.access.intercept.FilterSecurityInterceptor.doFilter(FilterSecurityInterceptor.java:83)
	at org.springframework.security.web.FilterChainProxy$VirtualFilterChain.doFilter(FilterChainProxy.java:355)
	at org.springframework.security.web.access.ExceptionTranslationFilter.doFilter(ExceptionTranslationFilter.java:97)
	at org.springframework.security.web.FilterChainProxy$VirtualFilterChain.doFilter(FilterChainProxy.java:355)
	at org.springframework.security.web.session.SessionManagementFilter.doFilter(SessionManagementFilter.java:100)
	at org.springframework.security.web.FilterChainProxy$VirtualFilterChain.doFilter(FilterChainProxy.java:355)
	at org.springframework.security.web.authentication.AnonymousAuthenticationFilter.doFilter(AnonymousAuthenticationFilter.java:78)
	at org.springframework.security.web.FilterChainProxy$VirtualFilterChain.doFilter(FilterChainProxy.java:355)
	at ozone.security.filters.OzoneCookieFilter.doFilter(OzoneCookieFilter.java:50)
	at org.springframework.security.web.FilterChainProxy$VirtualFilterChain.doFilter(FilterChainProxy.java:355)
	at org.springframework.security.web.servletapi.SecurityContextHolderAwareRequestFilter.doFilter(SecurityContextHolderAwareRequestFilter.java:54)
	at org.springframework.security.web.FilterChainProxy$VirtualFilterChain.doFilter(FilterChainProxy.java:355)
	at org.springframework.security.web.savedrequest.RequestCacheAwareFilter.doFilter(RequestCacheAwareFilter.java:35)
	at org.springframework.security.web.FilterChainProxy$VirtualFilterChain.doFilter(FilterChainProxy.java:355)
	at org.springframework.security.web.authentication.AbstractAuthenticationProcessingFilter.doFilter(AbstractAuthenticationProcessingFilter.java:188)
	at org.springframework.security.web.FilterChainProxy$VirtualFilterChain.doFilter(FilterChainProxy.java:355)
	at org.springframework.security.web.authentication.preauth.AbstractPreAuthenticatedProcessingFilter.doFilter(AbstractPreAuthenticatedProcessingFilter.java:89)
	at org.springframework.security.web.FilterChainProxy$VirtualFilterChain.doFilter(FilterChainProxy.java:355)
	at org.jasig.cas.client.session.SingleSignOutFilter.doFilter(SingleSignOutFilter.java:110)
	at org.springframework.security.web.FilterChainProxy$VirtualFilterChain.doFilter(FilterChainProxy.java:355)
	at org.springframework.security.web.authentication.logout.LogoutFilter.doFilter(LogoutFilter.java:105)
	at org.springframework.security.web.FilterChainProxy$VirtualFilterChain.doFilter(FilterChainProxy.java:355)
	at org.springframework.security.web.context.SecurityContextPersistenceFilter.doFilter(SecurityContextPersistenceFilter.java:79)
	at org.springframework.security.web.FilterChainProxy$VirtualFilterChain.doFilter(FilterChainProxy.java:355)
	at org.springframework.security.web.access.channel.ChannelProcessingFilter.doFilter(ChannelProcessingFilter.java:109)
	at org.springframework.security.web.FilterChainProxy$VirtualFilterChain.doFilter(FilterChainProxy.java:355)
	at org.springframework.security.web.FilterChainProxy.doFilter(FilterChainProxy.java:149)
	at org.springframework.web.filter.DelegatingFilterProxy.invokeDelegate(DelegatingFilterProxy.java:237)
	at org.springframework.web.filter.DelegatingFilterProxy.doFilter(DelegatingFilterProxy.java:167)
	at org.apache.catalina.core.ApplicationFilterChain.internalDoFilter(ApplicationFilterChain.java:243)
	at org.apache.catalina.core.ApplicationFilterChain.doFilter(ApplicationFilterChain.java:210)
	at org.apache.catalina.core.StandardWrapperValve.invoke(StandardWrapperValve.java:224)
	at org.apache.catalina.core.StandardContextValve.invoke(StandardContextValve.java:185)
	at org.apache.catalina.authenticator.AuthenticatorBase.invoke(AuthenticatorBase.java:472)
	at org.apache.catalina.core.StandardHostValve.invoke(StandardHostValve.java:151)
	at org.apache.catalina.valves.ErrorReportValve.invoke(ErrorReportValve.java:100)
	at org.apache.catalina.core.StandardEngineValve.invoke(StandardEngineValve.java:118)
	at org.apache.catalina.connector.CoyoteAdapter.service(CoyoteAdapter.java:405)
	at org.apache.coyote.http11.Http11Processor.process(Http11Processor.java:269)
	at org.apache.coyote.AbstractProtocol$AbstractConnectionHandler.process(AbstractProtocol.java:515)
	at org.apache.tomcat.util.net.JIoEndpoint$SocketProcessor.run(JIoEndpoint.java:302)
	at java.util.concurrent.ThreadPoolExecutor.runWorker(Unknown Source)
	at java.util.concurrent.ThreadPoolExecutor$Worker.run(Unknown Source)
	at java.lang.Thread.run(Unknown Source)
Caused by: java.net.SocketException: Software caused connection abort: socket write error
	at java.net.SocketOutputStream.socketWrite0(Native Method)
	at java.net.SocketOutputStream.socketWrite(Unknown Source)
	at java.net.SocketOutputStream.write(Unknown Source)
	at sun.security.ssl.OutputRecord.writeBuffer(Unknown Source)
	at sun.security.ssl.OutputRecord.write(Unknown Source)
	at sun.security.ssl.SSLSocketImpl.writeRecordInternal(Unknown Source)
	at sun.security.ssl.SSLSocketImpl.writeRecord(Unknown Source)
	at sun.security.ssl.AppOutputStream.write(Unknown Source)
	at org.apache.coyote.http11.InternalOutputBuffer.realWriteBytes(InternalOutputBuffer.java:216)
	at org.apache.tomcat.util.buf.ByteChunk.flushBuffer(ByteChunk.java:437)
	at org.apache.tomcat.util.buf.ByteChunk.append(ByteChunk.java:351)
	at org.apache.coyote.http11.InternalOutputBuffer$OutputStreamOutputBuffer.doWrite(InternalOutputBuffer.java:241)
	at org.apache.coyote.http11.filters.ChunkedOutputFilter.doWrite(ChunkedOutputFilter.java:119)
	at org.apache.coyote.http11.AbstractOutputBuffer.doWrite(AbstractOutputBuffer.java:192)
	at org.apache.coyote.Response.doWrite(Response.java:533)
	at org.apache.catalina.connector.OutputBuffer.realWriteBytes(OutputBuffer.java:368)
	... 131 more
2014-03-24 11:17:14,108 [http-bio-8443-exec-11] ERROR StackTrace  - Sanitizing stacktrace:
java.net.SocketException: Software caused connection abort: socket write error
	at java.net.SocketOutputStream.socketWrite0(Native Method)
	at java.net.SocketOutputStream.socketWrite(Unknown Source)
	at java.net.SocketOutputStream.write(Unknown Source)
	at sun.security.ssl.OutputRecord.writeBuffer(Unknown Source)
	at sun.security.ssl.OutputRecord.write(Unknown Source)
	at sun.security.ssl.SSLSocketImpl.writeRecordInternal(Unknown Source)
	at sun.security.ssl.SSLSocketImpl.writeRecord(Unknown Source)
	at sun.security.ssl.AppOutputStream.write(Unknown Source)
	at org.apache.coyote.http11.InternalOutputBuffer.realWriteBytes(InternalOutputBuffer.java:216)
	at org.apache.tomcat.util.buf.ByteChunk.flushBuffer(ByteChunk.java:437)
	at org.apache.tomcat.util.buf.ByteChunk.append(ByteChunk.java:351)
	at org.apache.coyote.http11.InternalOutputBuffer$OutputStreamOutputBuffer.doWrite(InternalOutputBuffer.java:241)
	at org.apache.coyote.http11.filters.ChunkedOutputFilter.doWrite(ChunkedOutputFilter.java:119)
	at org.apache.coyote.http11.AbstractOutputBuffer.doWrite(AbstractOutputBuffer.java:192)
	at org.apache.coyote.Response.doWrite(Response.java:533)
	at org.apache.catalina.connector.OutputBuffer.realWriteBytes(OutputBuffer.java:368)
	at org.apache.tomcat.util.buf.ByteChunk.append(ByteChunk.java:356)
	at org.apache.catalina.connector.OutputBuffer.writeBytes(OutputBuffer.java:396)
	at org.apache.catalina.connector.OutputBuffer.write(OutputBuffer.java:385)
	at org.apache.catalina.connector.CoyoteOutputStream.write(CoyoteOutputStream.java:93)
	at org.apache.catalina.connector.CoyoteOutputStream.write(CoyoteOutputStream.java:86)
	at com.opensymphony.module.sitemesh.filter.RoutableServletOutputStream.write(RoutableServletOutputStream.java:114)
	at org.codehaus.groovy.runtime.DefaultGroovyMethods.leftShift(DefaultGroovyMethods.java:7213)
	at org.codehaus.groovy.runtime.dgm$364.invoke(Unknown Source)
	at org.codehaus.groovy.runtime.callsite.PojoMetaMethodSite$PojoMetaMethodSiteNoUnwrapNoCoerce.invoke(PojoMetaMethodSite.java:270)
	at org.codehaus.groovy.runtime.callsite.PojoMetaMethodSite.call(PojoMetaMethodSite.java:52)
	at org.codehaus.groovy.runtime.callsite.AbstractCallSite.call(AbstractCallSite.java:124)
	at ozone.owf.grails.controllers.MergedDirectoryResourceController$_closure1.doCall(MergedDirectoryResourceController.groovy:35)
	at sun.reflect.GeneratedMethodAccessor550.invoke(Unknown Source)
	at sun.reflect.DelegatingMethodAccessorImpl.invoke(Unknown Source)
	at java.lang.reflect.Method.invoke(Unknown Source)
	at org.codehaus.groovy.runtime.callsite.PogoMetaMethodSite$PogoCachedMethodSite.invoke(PogoMetaMethodSite.java:225)
	at org.codehaus.groovy.runtime.callsite.PogoMetaMethodSite.callCurrent(PogoMetaMethodSite.java:51)
	at org.codehaus.groovy.runtime.callsite.AbstractCallSite.callCurrent(AbstractCallSite.java:149)
	at ozone.owf.grails.controllers.MergedDirectoryResourceController$_closure1.doCall(MergedDirectoryResourceController.groovy)
	at sun.reflect.GeneratedMethodAccessor549.invoke(Unknown Source)
	at sun.reflect.DelegatingMethodAccessorImpl.invoke(Unknown Source)
	at java.lang.reflect.Method.invoke(Unknown Source)
	at org.codehaus.groovy.reflection.CachedMethod.invoke(CachedMethod.java:90)
	at groovy.lang.MetaMethod.doMethodInvoke(MetaMethod.java:233)
	at groovy.lang.MetaClassImpl.invokeMethod(MetaClassImpl.java:1058)
	at groovy.lang.ExpandoMetaClass.invokeMethod(ExpandoMetaClass.java:1070)
	at groovy.lang.MetaClassImpl.invokeMethod(MetaClassImpl.java:886)
	at groovy.lang.Closure.call(Closure.java:282)
	at groovy.lang.Closure.call(Closure.java:277)
	at org.codehaus.groovy.grails.web.servlet.mvc.SimpleGrailsControllerHelper.handleAction(SimpleGrailsControllerHelper.java:368)
	at org.codehaus.groovy.grails.web.servlet.mvc.SimpleGrailsControllerHelper.executeAction(SimpleGrailsControllerHelper.java:232)
	at org.codehaus.groovy.grails.web.servlet.mvc.SimpleGrailsControllerHelper.handleURI(SimpleGrailsControllerHelper.java:190)
	at org.codehaus.groovy.grails.web.servlet.mvc.SimpleGrailsControllerHelper.handleURI(SimpleGrailsControllerHelper.java:129)
	at org.codehaus.groovy.grails.web.servlet.mvc.SimpleGrailsController.handleRequest(SimpleGrailsController.java:73)
	at org.springframework.web.servlet.mvc.SimpleControllerHandlerAdapter.handle(SimpleControllerHandlerAdapter.java:48)
	at org.codehaus.groovy.grails.web.servlet.GrailsDispatcherServlet.doDispatch(GrailsDispatcherServlet.java:292)
	at org.springframework.web.servlet.DispatcherServlet.doService(DispatcherServlet.java:719)
	at org.springframework.web.servlet.FrameworkServlet.processRequest(FrameworkServlet.java:644)
	at org.springframework.web.servlet.FrameworkServlet.doGet(FrameworkServlet.java:549)
	at javax.servlet.http.HttpServlet.service(HttpServlet.java:621)
	at javax.servlet.http.HttpServlet.service(HttpServlet.java:722)
	at org.apache.catalina.core.ApplicationFilterChain.internalDoFilter(ApplicationFilterChain.java:304)
	at org.apache.catalina.core.ApplicationFilterChain.doFilter(ApplicationFilterChain.java:210)
	at org.springframework.web.filter.OncePerRequestFilter.doFilter(OncePerRequestFilter.java:70)
	at org.apache.catalina.core.ApplicationFilterChain.internalDoFilter(ApplicationFilterChain.java:243)
	at org.apache.catalina.core.ApplicationFilterChain.doFilter(ApplicationFilterChain.java:210)
	at org.springframework.web.filter.OncePerRequestFilter.doFilter(OncePerRequestFilter.java:70)
	at org.apache.catalina.core.ApplicationFilterChain.internalDoFilter(ApplicationFilterChain.java:243)
	at org.apache.catalina.core.ApplicationFilterChain.doFilter(ApplicationFilterChain.java:210)
	at org.springframework.web.filter.OncePerRequestFilter.doFilter(OncePerRequestFilter.java:70)
	at org.apache.catalina.core.ApplicationFilterChain.internalDoFilter(ApplicationFilterChain.java:243)
	at org.apache.catalina.core.ApplicationFilterChain.doFilter(ApplicationFilterChain.java:210)
	at org.apache.catalina.core.ApplicationDispatcher.invoke(ApplicationDispatcher.java:684)
	at org.apache.catalina.core.ApplicationDispatcher.processRequest(ApplicationDispatcher.java:471)
	at org.apache.catalina.core.ApplicationDispatcher.doForward(ApplicationDispatcher.java:402)
	at org.apache.catalina.core.ApplicationDispatcher.forward(ApplicationDispatcher.java:329)
	at org.codehaus.groovy.grails.web.util.WebUtils.forwardRequestForUrlMappingInfo(WebUtils.java:298)
	at org.codehaus.groovy.grails.web.util.WebUtils.forwardRequestForUrlMappingInfo(WebUtils.java:264)
	at org.codehaus.groovy.grails.web.util.WebUtils.forwardRequestForUrlMappingInfo(WebUtils.java:255)
	at org.codehaus.groovy.grails.web.mapping.filter.UrlMappingsFilter.doFilterInternal(UrlMappingsFilter.java:183)
	at org.springframework.web.filter.OncePerRequestFilter.doFilter(OncePerRequestFilter.java:76)
	at org.apache.catalina.core.ApplicationFilterChain.internalDoFilter(ApplicationFilterChain.java:243)
	at org.apache.catalina.core.ApplicationFilterChain.doFilter(ApplicationFilterChain.java:210)
	at org.codehaus.groovy.grails.web.sitemesh.GrailsPageFilter.obtainContent(GrailsPageFilter.java:245)
	at org.codehaus.groovy.grails.web.sitemesh.GrailsPageFilter.doFilter(GrailsPageFilter.java:134)
	at org.apache.catalina.core.ApplicationFilterChain.internalDoFilter(ApplicationFilterChain.java:243)
	at org.apache.catalina.core.ApplicationFilterChain.doFilter(ApplicationFilterChain.java:210)
	at org.codehaus.groovy.grails.web.servlet.mvc.GrailsWebRequestFilter.doFilterInternal(GrailsWebRequestFilter.java:69)
	at org.springframework.web.filter.OncePerRequestFilter.doFilter(OncePerRequestFilter.java:76)
	at org.apache.catalina.core.ApplicationFilterChain.internalDoFilter(ApplicationFilterChain.java:243)
	at org.apache.catalina.core.ApplicationFilterChain.doFilter(ApplicationFilterChain.java:210)
	at org.codehaus.groovy.grails.web.filters.HiddenHttpMethodFilter.doFilterInternal(HiddenHttpMethodFilter.java:69)
	at org.springframework.web.filter.OncePerRequestFilter.doFilter(OncePerRequestFilter.java:76)
	at org.apache.catalina.core.ApplicationFilterChain.internalDoFilter(ApplicationFilterChain.java:243)
	at org.apache.catalina.core.ApplicationFilterChain.doFilter(ApplicationFilterChain.java:210)
	at org.springframework.web.filter.CharacterEncodingFilter.doFilterInternal(CharacterEncodingFilter.java:88)
	at org.springframework.web.filter.OncePerRequestFilter.doFilter(OncePerRequestFilter.java:76)
	at org.springframework.web.filter.DelegatingFilterProxy.invokeDelegate(DelegatingFilterProxy.java:237)
	at org.springframework.web.filter.DelegatingFilterProxy.doFilter(DelegatingFilterProxy.java:167)
	at org.apache.catalina.core.ApplicationFilterChain.internalDoFilter(ApplicationFilterChain.java:243)
	at org.apache.catalina.core.ApplicationFilterChain.doFilter(ApplicationFilterChain.java:210)
	at javax.servlet.FilterChain$doFilter.call(Unknown Source)
	at ozone.owf.filter.HttpRequestLoggingFilter.doFilter(HttpRequestLoggingFilter.groovy:31)
	at org.apache.catalina.core.ApplicationFilterChain.internalDoFilter(ApplicationFilterChain.java:243)
	at org.apache.catalina.core.ApplicationFilterChain.doFilter(ApplicationFilterChain.java:210)
	at org.springframework.security.web.FilterChainProxy$VirtualFilterChain.doFilter(FilterChainProxy.java:343)
	at org.springframework.security.web.access.intercept.FilterSecurityInterceptor.invoke(FilterSecurityInterceptor.java:109)
	at org.springframework.security.web.access.intercept.FilterSecurityInterceptor.doFilter(FilterSecurityInterceptor.java:83)
	at org.springframework.security.web.FilterChainProxy$VirtualFilterChain.doFilter(FilterChainProxy.java:355)
	at org.springframework.security.web.access.ExceptionTranslationFilter.doFilter(ExceptionTranslationFilter.java:97)
	at org.springframework.security.web.FilterChainProxy$VirtualFilterChain.doFilter(FilterChainProxy.java:355)
	at org.springframework.security.web.session.SessionManagementFilter.doFilter(SessionManagementFilter.java:100)
	at org.springframework.security.web.FilterChainProxy$VirtualFilterChain.doFilter(FilterChainProxy.java:355)
	at org.springframework.security.web.authentication.AnonymousAuthenticationFilter.doFilter(AnonymousAuthenticationFilter.java:78)
	at org.springframework.security.web.FilterChainProxy$VirtualFilterChain.doFilter(FilterChainProxy.java:355)
	at ozone.security.filters.OzoneCookieFilter.doFilter(OzoneCookieFilter.java:50)
	at org.springframework.security.web.FilterChainProxy$VirtualFilterChain.doFilter(FilterChainProxy.java:355)
	at org.springframework.security.web.servletapi.SecurityContextHolderAwareRequestFilter.doFilter(SecurityContextHolderAwareRequestFilter.java:54)
	at org.springframework.security.web.FilterChainProxy$VirtualFilterChain.doFilter(FilterChainProxy.java:355)
	at org.springframework.security.web.savedrequest.RequestCacheAwareFilter.doFilter(RequestCacheAwareFilter.java:35)
	at org.springframework.security.web.FilterChainProxy$VirtualFilterChain.doFilter(FilterChainProxy.java:355)
	at org.springframework.security.web.authentication.AbstractAuthenticationProcessingFilter.doFilter(AbstractAuthenticationProcessingFilter.java:188)
	at org.springframework.security.web.FilterChainProxy$VirtualFilterChain.doFilter(FilterChainProxy.java:355)
	at org.springframework.security.web.authentication.preauth.AbstractPreAuthenticatedProcessingFilter.doFilter(AbstractPreAuthenticatedProcessingFilter.java:89)
	at org.springframework.security.web.FilterChainProxy$VirtualFilterChain.doFilter(FilterChainProxy.java:355)
	at org.jasig.cas.client.session.SingleSignOutFilter.doFilter(SingleSignOutFilter.java:110)
	at org.springframework.security.web.FilterChainProxy$VirtualFilterChain.doFilter(FilterChainProxy.java:355)
	at org.springframework.security.web.authentication.logout.LogoutFilter.doFilter(LogoutFilter.java:105)
	at org.springframework.security.web.FilterChainProxy$VirtualFilterChain.doFilter(FilterChainProxy.java:355)
	at org.springframework.security.web.context.SecurityContextPersistenceFilter.doFilter(SecurityContextPersistenceFilter.java:79)
	at org.springframework.security.web.FilterChainProxy$VirtualFilterChain.doFilter(FilterChainProxy.java:355)
	at org.springframework.security.web.access.channel.ChannelProcessingFilter.doFilter(ChannelProcessingFilter.java:109)
	at org.springframework.security.web.FilterChainProxy$VirtualFilterChain.doFilter(FilterChainProxy.java:355)
	at org.springframework.security.web.FilterChainProxy.doFilter(FilterChainProxy.java:149)
	at org.springframework.web.filter.DelegatingFilterProxy.invokeDelegate(DelegatingFilterProxy.java:237)
	at org.springframework.web.filter.DelegatingFilterProxy.doFilter(DelegatingFilterProxy.java:167)
	at org.apache.catalina.core.ApplicationFilterChain.internalDoFilter(ApplicationFilterChain.java:243)
	at org.apache.catalina.core.ApplicationFilterChain.doFilter(ApplicationFilterChain.java:210)
	at org.apache.catalina.core.StandardWrapperValve.invoke(StandardWrapperValve.java:224)
	at org.apache.catalina.core.StandardContextValve.invoke(StandardContextValve.java:185)
	at org.apache.catalina.authenticator.AuthenticatorBase.invoke(AuthenticatorBase.java:472)
	at org.apache.catalina.core.StandardHostValve.invoke(StandardHostValve.java:151)
	at org.apache.catalina.valves.ErrorReportValve.invoke(ErrorReportValve.java:100)
	at org.apache.catalina.core.StandardEngineValve.invoke(StandardEngineValve.java:118)
	at org.apache.catalina.connector.CoyoteAdapter.service(CoyoteAdapter.java:405)
	at org.apache.coyote.http11.Http11Processor.process(Http11Processor.java:269)
	at org.apache.coyote.AbstractProtocol$AbstractConnectionHandler.process(AbstractProtocol.java:515)
	at org.apache.tomcat.util.net.JIoEndpoint$SocketProcessor.run(JIoEndpoint.java:302)
	at java.util.concurrent.ThreadPoolExecutor.runWorker(Unknown Source)
	at java.util.concurrent.ThreadPoolExecutor$Worker.run(Unknown Source)
	at java.lang.Thread.run(Unknown Source)
2014-03-24 11:17:14,109 [http-bio-8443-exec-11] ERROR StackTrace  - Sanitizing stacktrace:
org.codehaus.groovy.runtime.InvokerInvocationException: ClientAbortException:  java.net.SocketException: Software caused connection abort: socket write error
	at org.codehaus.groovy.reflection.CachedMethod.invoke(CachedMethod.java:97)
	at groovy.lang.MetaMethod.doMethodInvoke(MetaMethod.java:233)
	at groovy.lang.MetaClassImpl.invokeMethod(MetaClassImpl.java:1058)
	at groovy.lang.ExpandoMetaClass.invokeMethod(ExpandoMetaClass.java:1070)
	at groovy.lang.MetaClassImpl.invokeMethod(MetaClassImpl.java:886)
	at groovy.lang.Closure.call(Closure.java:282)
	at groovy.lang.Closure.call(Closure.java:277)
	at org.codehaus.groovy.grails.web.servlet.mvc.SimpleGrailsControllerHelper.handleAction(SimpleGrailsControllerHelper.java:368)
	at org.codehaus.groovy.grails.web.servlet.mvc.SimpleGrailsControllerHelper.executeAction(SimpleGrailsControllerHelper.java:232)
	at org.codehaus.groovy.grails.web.servlet.mvc.SimpleGrailsControllerHelper.handleURI(SimpleGrailsControllerHelper.java:190)
	at org.codehaus.groovy.grails.web.servlet.mvc.SimpleGrailsControllerHelper.handleURI(SimpleGrailsControllerHelper.java:129)
	at org.codehaus.groovy.grails.web.servlet.mvc.SimpleGrailsController.handleRequest(SimpleGrailsController.java:73)
	at org.springframework.web.servlet.mvc.SimpleControllerHandlerAdapter.handle(SimpleControllerHandlerAdapter.java:48)
	at org.codehaus.groovy.grails.web.servlet.GrailsDispatcherServlet.doDispatch(GrailsDispatcherServlet.java:292)
	at org.springframework.web.servlet.DispatcherServlet.doService(DispatcherServlet.java:719)
	at org.springframework.web.servlet.FrameworkServlet.processRequest(FrameworkServlet.java:644)
	at org.springframework.web.servlet.FrameworkServlet.doGet(FrameworkServlet.java:549)
	at javax.servlet.http.HttpServlet.service(HttpServlet.java:621)
	at javax.servlet.http.HttpServlet.service(HttpServlet.java:722)
	at org.apache.catalina.core.ApplicationFilterChain.internalDoFilter(ApplicationFilterChain.java:304)
	at org.apache.catalina.core.ApplicationFilterChain.doFilter(ApplicationFilterChain.java:210)
	at org.springframework.web.filter.OncePerRequestFilter.doFilter(OncePerRequestFilter.java:70)
	at org.apache.catalina.core.ApplicationFilterChain.internalDoFilter(ApplicationFilterChain.java:243)
	at org.apache.catalina.core.ApplicationFilterChain.doFilter(ApplicationFilterChain.java:210)
	at org.springframework.web.filter.OncePerRequestFilter.doFilter(OncePerRequestFilter.java:70)
	at org.apache.catalina.core.ApplicationFilterChain.internalDoFilter(ApplicationFilterChain.java:243)
	at org.apache.catalina.core.ApplicationFilterChain.doFilter(ApplicationFilterChain.java:210)
	at org.springframework.web.filter.OncePerRequestFilter.doFilter(OncePerRequestFilter.java:70)
	at org.apache.catalina.core.ApplicationFilterChain.internalDoFilter(ApplicationFilterChain.java:243)
	at org.apache.catalina.core.ApplicationFilterChain.doFilter(ApplicationFilterChain.java:210)
	at org.apache.catalina.core.ApplicationDispatcher.invoke(ApplicationDispatcher.java:684)
	at org.apache.catalina.core.ApplicationDispatcher.processRequest(ApplicationDispatcher.java:471)
	at org.apache.catalina.core.ApplicationDispatcher.doForward(ApplicationDispatcher.java:402)
	at org.apache.catalina.core.ApplicationDispatcher.forward(ApplicationDispatcher.java:329)
	at org.codehaus.groovy.grails.web.util.WebUtils.forwardRequestForUrlMappingInfo(WebUtils.java:298)
	at org.codehaus.groovy.grails.web.util.WebUtils.forwardRequestForUrlMappingInfo(WebUtils.java:264)
	at org.codehaus.groovy.grails.web.util.WebUtils.forwardRequestForUrlMappingInfo(WebUtils.java:255)
	at org.codehaus.groovy.grails.web.mapping.filter.UrlMappingsFilter.doFilterInternal(UrlMappingsFilter.java:183)
	at org.springframework.web.filter.OncePerRequestFilter.doFilter(OncePerRequestFilter.java:76)
	at org.apache.catalina.core.ApplicationFilterChain.internalDoFilter(ApplicationFilterChain.java:243)
	at org.apache.catalina.core.ApplicationFilterChain.doFilter(ApplicationFilterChain.java:210)
	at org.codehaus.groovy.grails.web.sitemesh.GrailsPageFilter.obtainContent(GrailsPageFilter.java:245)
	at org.codehaus.groovy.grails.web.sitemesh.GrailsPageFilter.doFilter(GrailsPageFilter.java:134)
	at org.apache.catalina.core.ApplicationFilterChain.internalDoFilter(ApplicationFilterChain.java:243)
	at org.apache.catalina.core.ApplicationFilterChain.doFilter(ApplicationFilterChain.java:210)
	at org.codehaus.groovy.grails.web.servlet.mvc.GrailsWebRequestFilter.doFilterInternal(GrailsWebRequestFilter.java:69)
	at org.springframework.web.filter.OncePerRequestFilter.doFilter(OncePerRequestFilter.java:76)
	at org.apache.catalina.core.ApplicationFilterChain.internalDoFilter(ApplicationFilterChain.java:243)
	at org.apache.catalina.core.ApplicationFilterChain.doFilter(ApplicationFilterChain.java:210)
	at org.codehaus.groovy.grails.web.filters.HiddenHttpMethodFilter.doFilterInternal(HiddenHttpMethodFilter.java:69)
	at org.springframework.web.filter.OncePerRequestFilter.doFilter(OncePerRequestFilter.java:76)
	at org.apache.catalina.core.ApplicationFilterChain.internalDoFilter(ApplicationFilterChain.java:243)
	at org.apache.catalina.core.ApplicationFilterChain.doFilter(ApplicationFilterChain.java:210)
	at org.springframework.web.filter.CharacterEncodingFilter.doFilterInternal(CharacterEncodingFilter.java:88)
	at org.springframework.web.filter.OncePerRequestFilter.doFilter(OncePerRequestFilter.java:76)
	at org.springframework.web.filter.DelegatingFilterProxy.invokeDelegate(DelegatingFilterProxy.java:237)
	at org.springframework.web.filter.DelegatingFilterProxy.doFilter(DelegatingFilterProxy.java:167)
	at org.apache.catalina.core.ApplicationFilterChain.internalDoFilter(ApplicationFilterChain.java:243)
	at org.apache.catalina.core.ApplicationFilterChain.doFilter(ApplicationFilterChain.java:210)
	at javax.servlet.FilterChain$doFilter.call(Unknown Source)
	at ozone.owf.filter.HttpRequestLoggingFilter.doFilter(HttpRequestLoggingFilter.groovy:31)
	at org.apache.catalina.core.ApplicationFilterChain.internalDoFilter(ApplicationFilterChain.java:243)
	at org.apache.catalina.core.ApplicationFilterChain.doFilter(ApplicationFilterChain.java:210)
	at org.springframework.security.web.FilterChainProxy$VirtualFilterChain.doFilter(FilterChainProxy.java:343)
	at org.springframework.security.web.access.intercept.FilterSecurityInterceptor.invoke(FilterSecurityInterceptor.java:109)
	at org.springframework.security.web.access.intercept.FilterSecurityInterceptor.doFilter(FilterSecurityInterceptor.java:83)
	at org.springframework.security.web.FilterChainProxy$VirtualFilterChain.doFilter(FilterChainProxy.java:355)
	at org.springframework.security.web.access.ExceptionTranslationFilter.doFilter(ExceptionTranslationFilter.java:97)
	at org.springframework.security.web.FilterChainProxy$VirtualFilterChain.doFilter(FilterChainProxy.java:355)
	at org.springframework.security.web.session.SessionManagementFilter.doFilter(SessionManagementFilter.java:100)
	at org.springframework.security.web.FilterChainProxy$VirtualFilterChain.doFilter(FilterChainProxy.java:355)
	at org.springframework.security.web.authentication.AnonymousAuthenticationFilter.doFilter(AnonymousAuthenticationFilter.java:78)
	at org.springframework.security.web.FilterChainProxy$VirtualFilterChain.doFilter(FilterChainProxy.java:355)
	at ozone.security.filters.OzoneCookieFilter.doFilter(OzoneCookieFilter.java:50)
	at org.springframework.security.web.FilterChainProxy$VirtualFilterChain.doFilter(FilterChainProxy.java:355)
	at org.springframework.security.web.servletapi.SecurityContextHolderAwareRequestFilter.doFilter(SecurityContextHolderAwareRequestFilter.java:54)
	at org.springframework.security.web.FilterChainProxy$VirtualFilterChain.doFilter(FilterChainProxy.java:355)
	at org.springframework.security.web.savedrequest.RequestCacheAwareFilter.doFilter(RequestCacheAwareFilter.java:35)
	at org.springframework.security.web.FilterChainProxy$VirtualFilterChain.doFilter(FilterChainProxy.java:355)
	at org.springframework.security.web.authentication.AbstractAuthenticationProcessingFilter.doFilter(AbstractAuthenticationProcessingFilter.java:188)
	at org.springframework.security.web.FilterChainProxy$VirtualFilterChain.doFilter(FilterChainProxy.java:355)
	at org.springframework.security.web.authentication.preauth.AbstractPreAuthenticatedProcessingFilter.doFilter(AbstractPreAuthenticatedProcessingFilter.java:89)
	at org.springframework.security.web.FilterChainProxy$VirtualFilterChain.doFilter(FilterChainProxy.java:355)
	at org.jasig.cas.client.session.SingleSignOutFilter.doFilter(SingleSignOutFilter.java:110)
	at org.springframework.security.web.FilterChainProxy$VirtualFilterChain.doFilter(FilterChainProxy.java:355)
	at org.springframework.security.web.authentication.logout.LogoutFilter.doFilter(LogoutFilter.java:105)
	at org.springframework.security.web.FilterChainProxy$VirtualFilterChain.doFilter(FilterChainProxy.java:355)
	at org.springframework.security.web.context.SecurityContextPersistenceFilter.doFilter(SecurityContextPersistenceFilter.java:79)
	at org.springframework.security.web.FilterChainProxy$VirtualFilterChain.doFilter(FilterChainProxy.java:355)
	at org.springframework.security.web.access.channel.ChannelProcessingFilter.doFilter(ChannelProcessingFilter.java:109)
	at org.springframework.security.web.FilterChainProxy$VirtualFilterChain.doFilter(FilterChainProxy.java:355)
	at org.springframework.security.web.FilterChainProxy.doFilter(FilterChainProxy.java:149)
	at org.springframework.web.filter.DelegatingFilterProxy.invokeDelegate(DelegatingFilterProxy.java:237)
	at org.springframework.web.filter.DelegatingFilterProxy.doFilter(DelegatingFilterProxy.java:167)
	at org.apache.catalina.core.ApplicationFilterChain.internalDoFilter(ApplicationFilterChain.java:243)
	at org.apache.catalina.core.ApplicationFilterChain.doFilter(ApplicationFilterChain.java:210)
	at org.apache.catalina.core.StandardWrapperValve.invoke(StandardWrapperValve.java:224)
	at org.apache.catalina.core.StandardContextValve.invoke(StandardContextValve.java:185)
	at org.apache.catalina.authenticator.AuthenticatorBase.invoke(AuthenticatorBase.java:472)
	at org.apache.catalina.core.StandardHostValve.invoke(StandardHostValve.java:151)
	at org.apache.catalina.valves.ErrorReportValve.invoke(ErrorReportValve.java:100)
	at org.apache.catalina.core.StandardEngineValve.invoke(StandardEngineValve.java:118)
	at org.apache.catalina.connector.CoyoteAdapter.service(CoyoteAdapter.java:405)
	at org.apache.coyote.http11.Http11Processor.process(Http11Processor.java:269)
	at org.apache.coyote.AbstractProtocol$AbstractConnectionHandler.process(AbstractProtocol.java:515)
	at org.apache.tomcat.util.net.JIoEndpoint$SocketProcessor.run(JIoEndpoint.java:302)
	at java.util.concurrent.ThreadPoolExecutor.runWorker(Unknown Source)
	at java.util.concurrent.ThreadPoolExecutor$Worker.run(Unknown Source)
	at java.lang.Thread.run(Unknown Source)
Caused by: ClientAbortException:  java.net.SocketException: Software caused connection abort: socket write error
	at ozone.owf.grails.controllers.MergedDirectoryResourceController$_closure1.doCall(MergedDirectoryResourceController.groovy:35)
	at ozone.owf.grails.controllers.MergedDirectoryResourceController$_closure1.doCall(MergedDirectoryResourceController.groovy)
	at ozone.owf.filter.HttpRequestLoggingFilter.doFilter(HttpRequestLoggingFilter.groovy:31)
	at ozone.security.filters.OzoneCookieFilter.doFilter(OzoneCookieFilter.java:50)
	at org.jasig.cas.client.session.SingleSignOutFilter.doFilter(SingleSignOutFilter.java:110)
	... 3 more
Caused by: java.net.SocketException: Software caused connection abort: socket write error
	at java.net.SocketOutputStream.socketWrite0(Native Method)
	at java.net.SocketOutputStream.socketWrite(Unknown Source)
	at java.net.SocketOutputStream.write(Unknown Source)
	... 8 more
2014-03-24 11:17:14,112 [http-bio-8443-exec-11] ERROR StackTrace  - Sanitizing stacktrace:
org.codehaus.groovy.runtime.InvokerInvocationException: ClientAbortException:  java.net.SocketException: Software caused connection abort: socket write error
	at ozone.owf.filter.HttpRequestLoggingFilter.doFilter(HttpRequestLoggingFilter.groovy:31)
	at ozone.security.filters.OzoneCookieFilter.doFilter(OzoneCookieFilter.java:50)
	at org.jasig.cas.client.session.SingleSignOutFilter.doFilter(SingleSignOutFilter.java:110)
	at java.util.concurrent.ThreadPoolExecutor.runWorker(Unknown Source)
	at java.util.concurrent.ThreadPoolExecutor$Worker.run(Unknown Source)
	at java.lang.Thread.run(Unknown Source)
Caused by: ClientAbortException:  java.net.SocketException: Software caused connection abort: socket write error
	at ozone.owf.grails.controllers.MergedDirectoryResourceController$_closure1.doCall(MergedDirectoryResourceController.groovy:35)
	at ozone.owf.grails.controllers.MergedDirectoryResourceController$_closure1.doCall(MergedDirectoryResourceController.groovy)
	... 6 more
Caused by: java.net.SocketException: Software caused connection abort: socket write error
	at java.net.SocketOutputStream.socketWrite0(Native Method)
	at java.net.SocketOutputStream.socketWrite(Unknown Source)
	at java.net.SocketOutputStream.write(Unknown Source)
	... 8 more
2014-03-24 11:17:14,112 [http-bio-8443-exec-11] ERROR StackTrace  - Sanitizing stacktrace:
ClientAbortException:  java.net.SocketException: Software caused connection abort: socket write error
	at ozone.owf.grails.controllers.MergedDirectoryResourceController$_closure1.doCall(MergedDirectoryResourceController.groovy:35)
	at ozone.owf.grails.controllers.MergedDirectoryResourceController$_closure1.doCall(MergedDirectoryResourceController.groovy)
	at ozone.owf.filter.HttpRequestLoggingFilter.doFilter(HttpRequestLoggingFilter.groovy:31)
	at ozone.security.filters.OzoneCookieFilter.doFilter(OzoneCookieFilter.java:50)
	at org.jasig.cas.client.session.SingleSignOutFilter.doFilter(SingleSignOutFilter.java:110)
	at java.util.concurrent.ThreadPoolExecutor.runWorker(Unknown Source)
	at java.util.concurrent.ThreadPoolExecutor$Worker.run(Unknown Source)
	at java.lang.Thread.run(Unknown Source)
Caused by: java.net.SocketException: Software caused connection abort: socket write error
	at java.net.SocketOutputStream.socketWrite0(Native Method)
	at java.net.SocketOutputStream.socketWrite(Unknown Source)
	at java.net.SocketOutputStream.write(Unknown Source)
	... 8 more
2014-03-24 11:17:14,112 [http-bio-8443-exec-11] ERROR StackTrace  - Sanitizing stacktrace:
java.net.SocketException: Software caused connection abort: socket write error
	at java.net.SocketOutputStream.socketWrite0(Native Method)
	at java.net.SocketOutputStream.socketWrite(Unknown Source)
	at java.net.SocketOutputStream.write(Unknown Source)
	at ozone.owf.grails.controllers.MergedDirectoryResourceController$_closure1.doCall(MergedDirectoryResourceController.groovy:35)
	at ozone.owf.grails.controllers.MergedDirectoryResourceController$_closure1.doCall(MergedDirectoryResourceController.groovy)
	at ozone.owf.filter.HttpRequestLoggingFilter.doFilter(HttpRequestLoggingFilter.groovy:31)
	at ozone.security.filters.OzoneCookieFilter.doFilter(OzoneCookieFilter.java:50)
	at org.jasig.cas.client.session.SingleSignOutFilter.doFilter(SingleSignOutFilter.java:110)
	at java.util.concurrent.ThreadPoolExecutor.runWorker(Unknown Source)
	at java.util.concurrent.ThreadPoolExecutor$Worker.run(Unknown Source)
	at java.lang.Thread.run(Unknown Source)
2014-03-24 11:17:14,112 [http-bio-8443-exec-11] ERROR StackTrace  - Sanitizing stacktrace:
org.codehaus.groovy.grails.web.servlet.mvc.exceptions.ControllerExecutionException: Executing action [get] of controller [ozone.owf.grails.controllers.MergedDirectoryResourceController]  caused exception: ClientAbortException:  java.net.SocketException: Software caused connection abort: socket write error
	at org.codehaus.groovy.grails.web.servlet.mvc.SimpleGrailsControllerHelper.executeAction(SimpleGrailsControllerHelper.java:238)
	at org.codehaus.groovy.grails.web.servlet.mvc.SimpleGrailsControllerHelper.handleURI(SimpleGrailsControllerHelper.java:190)
	at org.codehaus.groovy.grails.web.servlet.mvc.SimpleGrailsControllerHelper.handleURI(SimpleGrailsControllerHelper.java:129)
	at org.codehaus.groovy.grails.web.servlet.mvc.SimpleGrailsController.handleRequest(SimpleGrailsController.java:73)
	at org.springframework.web.servlet.mvc.SimpleControllerHandlerAdapter.handle(SimpleControllerHandlerAdapter.java:48)
	at org.codehaus.groovy.grails.web.servlet.GrailsDispatcherServlet.doDispatch(GrailsDispatcherServlet.java:292)
	at org.springframework.web.servlet.DispatcherServlet.doService(DispatcherServlet.java:719)
	at org.springframework.web.servlet.FrameworkServlet.processRequest(FrameworkServlet.java:644)
	at org.springframework.web.servlet.FrameworkServlet.doGet(FrameworkServlet.java:549)
	at javax.servlet.http.HttpServlet.service(HttpServlet.java:621)
	at javax.servlet.http.HttpServlet.service(HttpServlet.java:722)
	at org.apache.catalina.core.ApplicationFilterChain.internalDoFilter(ApplicationFilterChain.java:304)
	at org.apache.catalina.core.ApplicationFilterChain.doFilter(ApplicationFilterChain.java:210)
	at org.springframework.web.filter.OncePerRequestFilter.doFilter(OncePerRequestFilter.java:70)
	at org.apache.catalina.core.ApplicationFilterChain.internalDoFilter(ApplicationFilterChain.java:243)
	at org.apache.catalina.core.ApplicationFilterChain.doFilter(ApplicationFilterChain.java:210)
	at org.springframework.web.filter.OncePerRequestFilter.doFilter(OncePerRequestFilter.java:70)
	at org.apache.catalina.core.ApplicationFilterChain.internalDoFilter(ApplicationFilterChain.java:243)
	at org.apache.catalina.core.ApplicationFilterChain.doFilter(ApplicationFilterChain.java:210)
	at org.springframework.web.filter.OncePerRequestFilter.doFilter(OncePerRequestFilter.java:70)
	at org.apache.catalina.core.ApplicationFilterChain.internalDoFilter(ApplicationFilterChain.java:243)
	at org.apache.catalina.core.ApplicationFilterChain.doFilter(ApplicationFilterChain.java:210)
	at org.apache.catalina.core.ApplicationDispatcher.invoke(ApplicationDispatcher.java:684)
	at org.apache.catalina.core.ApplicationDispatcher.processRequest(ApplicationDispatcher.java:471)
	at org.apache.catalina.core.ApplicationDispatcher.doForward(ApplicationDispatcher.java:402)
	at org.apache.catalina.core.ApplicationDispatcher.forward(ApplicationDispatcher.java:329)
	at org.codehaus.groovy.grails.web.util.WebUtils.forwardRequestForUrlMappingInfo(WebUtils.java:298)
	at org.codehaus.groovy.grails.web.util.WebUtils.forwardRequestForUrlMappingInfo(WebUtils.java:264)
	at org.codehaus.groovy.grails.web.util.WebUtils.forwardRequestForUrlMappingInfo(WebUtils.java:255)
	at org.codehaus.groovy.grails.web.mapping.filter.UrlMappingsFilter.doFilterInternal(UrlMappingsFilter.java:183)
	at org.springframework.web.filter.OncePerRequestFilter.doFilter(OncePerRequestFilter.java:76)
	at org.apache.catalina.core.ApplicationFilterChain.internalDoFilter(ApplicationFilterChain.java:243)
	at org.apache.catalina.core.ApplicationFilterChain.doFilter(ApplicationFilterChain.java:210)
	at org.codehaus.groovy.grails.web.sitemesh.GrailsPageFilter.obtainContent(GrailsPageFilter.java:245)
	at org.codehaus.groovy.grails.web.sitemesh.GrailsPageFilter.doFilter(GrailsPageFilter.java:134)
	at org.apache.catalina.core.ApplicationFilterChain.internalDoFilter(ApplicationFilterChain.java:243)
	at org.apache.catalina.core.ApplicationFilterChain.doFilter(ApplicationFilterChain.java:210)
	at org.codehaus.groovy.grails.web.servlet.mvc.GrailsWebRequestFilter.doFilterInternal(GrailsWebRequestFilter.java:69)
	at org.springframework.web.filter.OncePerRequestFilter.doFilter(OncePerRequestFilter.java:76)
	at org.apache.catalina.core.ApplicationFilterChain.internalDoFilter(ApplicationFilterChain.java:243)
	at org.apache.catalina.core.ApplicationFilterChain.doFilter(ApplicationFilterChain.java:210)
	at org.codehaus.groovy.grails.web.filters.HiddenHttpMethodFilter.doFilterInternal(HiddenHttpMethodFilter.java:69)
	at org.springframework.web.filter.OncePerRequestFilter.doFilter(OncePerRequestFilter.java:76)
	at org.apache.catalina.core.ApplicationFilterChain.internalDoFilter(ApplicationFilterChain.java:243)
	at org.apache.catalina.core.ApplicationFilterChain.doFilter(ApplicationFilterChain.java:210)
	at org.springframework.web.filter.CharacterEncodingFilter.doFilterInternal(CharacterEncodingFilter.java:88)
	at org.springframework.web.filter.OncePerRequestFilter.doFilter(OncePerRequestFilter.java:76)
	at org.springframework.web.filter.DelegatingFilterProxy.invokeDelegate(DelegatingFilterProxy.java:237)
	at org.springframework.web.filter.DelegatingFilterProxy.doFilter(DelegatingFilterProxy.java:167)
	at org.apache.catalina.core.ApplicationFilterChain.internalDoFilter(ApplicationFilterChain.java:243)
	at org.apache.catalina.core.ApplicationFilterChain.doFilter(ApplicationFilterChain.java:210)
	at javax.servlet.FilterChain$doFilter.call(Unknown Source)
	at ozone.owf.filter.HttpRequestLoggingFilter.doFilter(HttpRequestLoggingFilter.groovy:31)
	at org.apache.catalina.core.ApplicationFilterChain.internalDoFilter(ApplicationFilterChain.java:243)
	at org.apache.catalina.core.ApplicationFilterChain.doFilter(ApplicationFilterChain.java:210)
	at org.springframework.security.web.FilterChainProxy$VirtualFilterChain.doFilter(FilterChainProxy.java:343)
	at org.springframework.security.web.access.intercept.FilterSecurityInterceptor.invoke(FilterSecurityInterceptor.java:109)
	at org.springframework.security.web.access.intercept.FilterSecurityInterceptor.doFilter(FilterSecurityInterceptor.java:83)
	at org.springframework.security.web.FilterChainProxy$VirtualFilterChain.doFilter(FilterChainProxy.java:355)
	at org.springframework.security.web.access.ExceptionTranslationFilter.doFilter(ExceptionTranslationFilter.java:97)
	at org.springframework.security.web.FilterChainProxy$VirtualFilterChain.doFilter(FilterChainProxy.java:355)
	at org.springframework.security.web.session.SessionManagementFilter.doFilter(SessionManagementFilter.java:100)
	at org.springframework.security.web.FilterChainProxy$VirtualFilterChain.doFilter(FilterChainProxy.java:355)
	at org.springframework.security.web.authentication.AnonymousAuthenticationFilter.doFilter(AnonymousAuthenticationFilter.java:78)
	at org.springframework.security.web.FilterChainProxy$VirtualFilterChain.doFilter(FilterChainProxy.java:355)
	at ozone.security.filters.OzoneCookieFilter.doFilter(OzoneCookieFilter.java:50)
	at org.springframework.security.web.FilterChainProxy$VirtualFilterChain.doFilter(FilterChainProxy.java:355)
	at org.springframework.security.web.servletapi.SecurityContextHolderAwareRequestFilter.doFilter(SecurityContextHolderAwareRequestFilter.java:54)
	at org.springframework.security.web.FilterChainProxy$VirtualFilterChain.doFilter(FilterChainProxy.java:355)
	at org.springframework.security.web.savedrequest.RequestCacheAwareFilter.doFilter(RequestCacheAwareFilter.java:35)
	at org.springframework.security.web.FilterChainProxy$VirtualFilterChain.doFilter(FilterChainProxy.java:355)
	at org.springframework.security.web.authentication.AbstractAuthenticationProcessingFilter.doFilter(AbstractAuthenticationProcessingFilter.java:188)
	at org.springframework.security.web.FilterChainProxy$VirtualFilterChain.doFilter(FilterChainProxy.java:355)
	at org.springframework.security.web.authentication.preauth.AbstractPreAuthenticatedProcessingFilter.doFilter(AbstractPreAuthenticatedProcessingFilter.java:89)
	at org.springframework.security.web.FilterChainProxy$VirtualFilterChain.doFilter(FilterChainProxy.java:355)
	at org.jasig.cas.client.session.SingleSignOutFilter.doFilter(SingleSignOutFilter.java:110)
	at org.springframework.security.web.FilterChainProxy$VirtualFilterChain.doFilter(FilterChainProxy.java:355)
	at org.springframework.security.web.authentication.logout.LogoutFilter.doFilter(LogoutFilter.java:105)
	at org.springframework.security.web.FilterChainProxy$VirtualFilterChain.doFilter(FilterChainProxy.java:355)
	at org.springframework.security.web.context.SecurityContextPersistenceFilter.doFilter(SecurityContextPersistenceFilter.java:79)
	at org.springframework.security.web.FilterChainProxy$VirtualFilterChain.doFilter(FilterChainProxy.java:355)
	at org.springframework.security.web.access.channel.ChannelProcessingFilter.doFilter(ChannelProcessingFilter.java:109)
	at org.springframework.security.web.FilterChainProxy$VirtualFilterChain.doFilter(FilterChainProxy.java:355)
	at org.springframework.security.web.FilterChainProxy.doFilter(FilterChainProxy.java:149)
	at org.springframework.web.filter.DelegatingFilterProxy.invokeDelegate(DelegatingFilterProxy.java:237)
	at org.springframework.web.filter.DelegatingFilterProxy.doFilter(DelegatingFilterProxy.java:167)
	at org.apache.catalina.core.ApplicationFilterChain.internalDoFilter(ApplicationFilterChain.java:243)
	at org.apache.catalina.core.ApplicationFilterChain.doFilter(ApplicationFilterChain.java:210)
	at org.apache.catalina.core.StandardWrapperValve.invoke(StandardWrapperValve.java:224)
	at org.apache.catalina.core.StandardContextValve.invoke(StandardContextValve.java:185)
	at org.apache.catalina.authenticator.AuthenticatorBase.invoke(AuthenticatorBase.java:472)
	at org.apache.catalina.core.StandardHostValve.invoke(StandardHostValve.java:151)
	at org.apache.catalina.valves.ErrorReportValve.invoke(ErrorReportValve.java:100)
	at org.apache.catalina.core.StandardEngineValve.invoke(StandardEngineValve.java:118)
	at org.apache.catalina.connector.CoyoteAdapter.service(CoyoteAdapter.java:405)
	at org.apache.coyote.http11.Http11Processor.process(Http11Processor.java:269)
	at org.apache.coyote.AbstractProtocol$AbstractConnectionHandler.process(AbstractProtocol.java:515)
	at org.apache.tomcat.util.net.JIoEndpoint$SocketProcessor.run(JIoEndpoint.java:302)
	at java.util.concurrent.ThreadPoolExecutor.runWorker(Unknown Source)
	at java.util.concurrent.ThreadPoolExecutor$Worker.run(Unknown Source)
	at java.lang.Thread.run(Unknown Source)
Caused by: org.codehaus.groovy.runtime.InvokerInvocationException: ClientAbortException:  java.net.SocketException: Software caused connection abort: socket write error
	at ozone.owf.filter.HttpRequestLoggingFilter.doFilter(HttpRequestLoggingFilter.groovy:31)
	at ozone.security.filters.OzoneCookieFilter.doFilter(OzoneCookieFilter.java:50)
	at org.jasig.cas.client.session.SingleSignOutFilter.doFilter(SingleSignOutFilter.java:110)
	... 3 more
Caused by: ClientAbortException:  java.net.SocketException: Software caused connection abort: socket write error
	at ozone.owf.grails.controllers.MergedDirectoryResourceController$_closure1.doCall(MergedDirectoryResourceController.groovy:35)
	at ozone.owf.grails.controllers.MergedDirectoryResourceController$_closure1.doCall(MergedDirectoryResourceController.groovy)
	... 6 more
Caused by: java.net.SocketException: Software caused connection abort: socket write error
	at java.net.SocketOutputStream.socketWrite0(Native Method)
	at java.net.SocketOutputStream.socketWrite(Unknown Source)
	at java.net.SocketOutputStream.write(Unknown Source)
	... 8 more
2014-03-24 11:17:14,114 [http-bio-8443-exec-11] ERROR StackTrace  - Sanitizing stacktrace:
java.net.SocketException: Software caused connection abort: socket write error
	at java.net.SocketOutputStream.socketWrite0(Native Method)
	at java.net.SocketOutputStream.socketWrite(Unknown Source)
	at java.net.SocketOutputStream.write(Unknown Source)
	at ozone.owf.grails.controllers.MergedDirectoryResourceController$_closure1.doCall(MergedDirectoryResourceController.groovy:35)
	at ozone.owf.grails.controllers.MergedDirectoryResourceController$_closure1.doCall(MergedDirectoryResourceController.groovy)
	at ozone.owf.filter.HttpRequestLoggingFilter.doFilter(HttpRequestLoggingFilter.groovy:31)
	at ozone.security.filters.OzoneCookieFilter.doFilter(OzoneCookieFilter.java:50)
	at org.jasig.cas.client.session.SingleSignOutFilter.doFilter(SingleSignOutFilter.java:110)
	at java.util.concurrent.ThreadPoolExecutor.runWorker(Unknown Source)
	at java.util.concurrent.ThreadPoolExecutor$Worker.run(Unknown Source)
	at java.lang.Thread.run(Unknown Source)
